<?xml version="1.0" encoding="UTF-8"?>
<testsuite xmlns:xsi="http://www.w3.org/2001/XMLSchema-instance" xsi:noNamespaceSchemaLocation="https://maven.apache.org/surefire/maven-surefire-plugin/xsd/surefire-test-report-3.0.xsd" version="3.0" name="com.ashokit.ContactManagerTest" time="1.151" tests="23" errors="0" skipped="0" failures="0">
  <properties>
[...]
</properties>
  <testcase name="validateLastNameIsEmpty" classname="com.ashokit.ContactManagerTest" time="0.188">
    <system-out><![CDATA[Inside the BeforeAll......
Inside the BeforeEach......
Inside the AfterEach......
]]></system-out>
    <system-err><![CDATA[Oct 02, 2023 9:52:03 AM org.junit.jupiter.engine.discovery.MethodSelectorResolver resolve
WARNING: Possible configuration error: method [public void com.ashokit.ContactManagerTest.testDisplay()] resulted in multiple TestDescriptors [org.junit.jupiter.engine.descriptor.TestMethodTestDescriptor, org.junit.jupiter.engine.descriptor.TestTemplateTestDescriptor]. This is typically the result of annotating a method with multiple competing annotations such as @Test, @RepeatedTest, @ParameterizedTest, @TestFactory, etc.
Oct 02, 2023 9:52:03 AM org.junit.jupiter.engine.discovery.MethodSelectorResolver resolve
WARNING: Possible configuration error: method [public void com.ashokit.ContactManagerTest.testDisplay()] resulted in multiple TestDescriptors [org.junit.jupiter.engine.descriptor.TestMethodTestDescriptor, org.junit.jupiter.engine.descriptor.TestTemplateTestDescriptor]. This is typically the result of annotating a method with multiple competing annotations such as @Test, @RepeatedTest, @ParameterizedTest, @TestFactory, etc.
]]></system-err>
  </testcase>
  <testcase name="shouldTestPhoneNumberFormatUsingMethodSource(String)[1]" classname="com.ashokit.ContactManagerTest" time="0.104">
    <system-out><![CDATA[Inside the BeforeEach......
Inside the AfterEach......
]]></system-out>
  </testcase>
  <testcase name="shouldTestPhoneNumberFormatUsingMethodSource(String)[2]" classname="com.ashokit.ContactManagerTest" time="0.008">
    <system-out><![CDATA[Inside the BeforeEach......
Inside the AfterEach......
]]></system-out>
  </testcase>
  <testcase name="shouldTestPhoneNumberFormatUsingMethodSource(String)[3]" classname="com.ashokit.ContactManagerTest" time="0.006">
    <system-out><![CDATA[Inside the BeforeEach......
Inside the AfterEach......
]]></system-out>
  </testcase>
  <testcase name="shouldTestPhoneNumberFormatUsingCSVFileSource(String)[1]" classname="com.ashokit.ContactManagerTest" time="0.007">
    <system-out><![CDATA[Inside the BeforeEach......
Inside the AfterEach......
]]></system-out>
  </testcase>
  <testcase name="validateContactNoIsEmpty" classname="com.ashokit.ContactManagerTest" time="0.007">
    <system-out><![CDATA[Inside the BeforeEach......
Inside the AfterEach......
]]></system-out>
  </testcase>
  <testcase name="validateContactNoStartingWithZeroOrNot" classname="com.ashokit.ContactManagerTest" time="0.006">
    <system-out><![CDATA[Inside the BeforeEach......
Inside the AfterEach......
]]></system-out>
  </testcase>
  <testcase name="validateContactExistedOrNot" classname="com.ashokit.ContactManagerTest" time="0.008">
    <system-out><![CDATA[Inside the BeforeEach......
Inside the AfterEach......
]]></system-out>
  </testcase>
  <testcase name="shouldTestPhoneNumberFormatUsingValueSource(String)[1]" classname="com.ashokit.ContactManagerTest" time="0.004">
    <system-out><![CDATA[Inside the BeforeEach......
Inside the AfterEach......
]]></system-out>
  </testcase>
  <testcase name="shouldTestPhoneNumberFormatUsingValueSource(String)[2]" classname="com.ashokit.ContactManagerTest" time="0.008">
    <system-out><![CDATA[Inside the BeforeEach......
Inside the AfterEach......
]]></system-out>
  </testcase>
  <testcase name="shouldTestPhoneNumberFormatUsingValueSource(String)[3]" classname="com.ashokit.ContactManagerTest" time="0.009">
    <system-out><![CDATA[Inside the BeforeEach......
Inside the AfterEach......
]]></system-out>
  </testcase>
  <testcase name="shoudCreateContact" classname="com.ashokit.ContactManagerTest" time="0.023">
    <system-out><![CDATA[Inside the BeforeEach......
Inside the AfterEach......
]]></system-out>
  </testcase>
  <testcase name="validateContactNoLengthMoreThan10IsEmpty" classname="com.ashokit.ContactManagerTest" time="0.006">
    <system-out><![CDATA[Inside the BeforeEach......
Inside the AfterEach......
]]></system-out>
  </testcase>
  <testcase name="shouldTestPhoneNumberFormatUsingCSVSource(String)[1]" classname="com.ashokit.ContactManagerTest" time="0.005">
    <system-out><![CDATA[Inside the BeforeEach......
Inside the AfterEach......
]]></system-out>
  </testcase>
  <testcase name="shouldTestPhoneNumberFormatUsingCSVSource(String)[2]" classname="com.ashokit.ContactManagerTest" time="0.007">
    <system-out><![CDATA[Inside the BeforeEach......
Inside the AfterEach......
]]></system-out>
  </testcase>
  <testcase name="shouldTestPhoneNumberFormatUsingCSVSource(String)[3]" classname="com.ashokit.ContactManagerTest" time="0.012">
    <system-out><![CDATA[Inside the BeforeEach......
Inside the AfterEach......
]]></system-out>
  </testcase>
  <testcase name="validateFirstNameIsEmpty" classname="com.ashokit.ContactManagerTest" time="0.007">
    <system-out><![CDATA[Inside the BeforeEach......
Inside the AfterEach......
]]></system-out>
  </testcase>
  <testcase name="testDisplay" classname="com.ashokit.ContactManagerTest" time="0.002">
    <system-out><![CDATA[Inside the BeforeEach......
Welcome To Ashok IT
Inside the AfterEach......
]]></system-out>
  </testcase>
  <testcase name="testDisplay" classname="com.ashokit.ContactManagerTest" time="0.008">
    <system-out><![CDATA[Inside the BeforeEach......
Welcome To Ashok IT
Inside the AfterEach......
]]></system-out>
  </testcase>
  <testcase name="testDisplay" classname="com.ashokit.ContactManagerTest" time="0.005">
    <system-out><![CDATA[Inside the BeforeEach......
Welcome To Ashok IT
Inside the AfterEach......
]]></system-out>
  </testcase>
  <testcase name="testDisplay" classname="com.ashokit.ContactManagerTest" time="0.003">
    <system-out><![CDATA[Inside the BeforeEach......
Welcome To Ashok IT
Inside the AfterEach......
]]></system-out>
  </testcase>
  <testcase name="testDisplay" classname="com.ashokit.ContactManagerTest" time="0.007">
    <system-out><![CDATA[Inside the BeforeEach......
Welcome To Ashok IT
Inside the AfterEach......
]]></system-out>
  </testcase>
  <testcase name="testDisplay" classname="com.ashokit.ContactManagerTest" time="0.003">
    <system-out><![CDATA[Inside the BeforeEach......
Welcome To Ashok IT
Inside the AfterEach......
]]></system-out>
  </testcase>
</testsuite>