<?xml version="1.0" encoding="UTF-8"?>
<testsuite xmlns:xsi="http://www.w3.org/2001/XMLSchema-instance" xsi:noNamespaceSchemaLocation="https://maven.apache.org/surefire/maven-surefire-plugin/xsd/surefire-test-report-3.0.xsd" version="3.0" name="com.ashokit.service.UserServiceTest" time="5.161" tests="6" errors="0" skipped="0" failures="0">
  <properties>
[...]
</properties>
  <testcase name="test_Get_All_Users" classname="com.ashokit.service.UserServiceTest" time="4.784"/>
  <testcase name="testUpdateUser" classname="com.ashokit.service.UserServiceTest" time="0.085">
    <system-out><![CDATA[Inside Spy......
]]></system-out>
  </testcase>
  <testcase name="validatingLoginCredentials_Exception" classname="com.ashokit.service.UserServiceTest" time="0.038"/>
  <testcase name="validatingLoginCredentials_Success" classname="com.ashokit.service.UserServiceTest" time="0.02"/>
  <testcase name="validatingLoginCredentials_Failure" classname="com.ashokit.service.UserServiceTest" time="0.017"/>
  <testcase name="validatingVoidMethod" classname="com.ashokit.service.UserServiceTest" time="0.014"/>
</testsuite>